[debug] [2020-03-12T11:29:25.229Z] ----------------------------------------------------------------------
[debug] [2020-03-12T11:29:25.233Z] Command:       C:\Program Files\nodejs\node.exe C:\Users\Dell\AppData\Roaming\npm\node_modules\firebase-tools\lib\bin\firebase.js deploy
[debug] [2020-03-12T11:29:25.233Z] CLI Version:   7.14.0
[debug] [2020-03-12T11:29:25.234Z] Platform:      win32
[debug] [2020-03-12T11:29:25.234Z] Node Version:  v12.13.1
[debug] [2020-03-12T11:29:25.235Z] Time:          Thu Mar 12 2020 16:59:25 GMT+0530 (India Standard Time)
[debug] [2020-03-12T11:29:25.235Z] ----------------------------------------------------------------------
[debug] [2020-03-12T11:29:25.235Z] 
[debug] [2020-03-12T11:29:25.247Z] > command requires scopes: ["email","openid","https://www.googleapis.com/auth/cloudplatformprojects.readonly","https://www.googleapis.com/auth/firebase","https://www.googleapis.com/auth/cloud-platform"]
[debug] [2020-03-12T11:29:25.247Z] > authorizing via signed-in user
[debug] [2020-03-12T11:29:25.248Z] [iam] checking project cvfydb for permissions ["datastore.indexes.create","datastore.indexes.delete","datastore.indexes.list","datastore.indexes.update","firebase.projects.get","firebasehosting.sites.update"]
[debug] [2020-03-12T11:29:25.251Z] >>> HTTP REQUEST POST https://cloudresourcemanager.googleapis.com/v1/projects/cvfydb:testIamPermissions  

[debug] [2020-03-12T11:29:27.330Z] <<< HTTP RESPONSE 200
[debug] [2020-03-12T11:29:27.332Z] >>> HTTP REQUEST GET https://firebase.googleapis.com/v1beta1/projects/cvfydb  
 
[debug] [2020-03-12T11:29:28.193Z] <<< HTTP RESPONSE 200
[info] 
[info] === Deploying to 'cvfydb'...
[info] 
[info] i  deploying firestore, hosting
[info] i  firestore: reading indexes from firestore.indexes.json...
[info] i  cloud.firestore: checking firestore.rules for compilation errors...
[debug] [2020-03-12T11:29:28.204Z] >>> HTTP REQUEST POST https://firebaserules.googleapis.com/v1/projects/cvfydb:test  

[debug] [2020-03-12T11:29:30.429Z] <<< HTTP RESPONSE 200
[info] +  cloud.firestore: rules file firestore.rules compiled successfully
[debug] [2020-03-12T11:29:30.440Z] >>> HTTP REQUEST POST https://firebasehosting.googleapis.com/v1beta1/sites/cvfydb/versions  

[debug] [2020-03-12T11:29:33.253Z] <<< HTTP RESPONSE 200
[debug] [2020-03-12T11:29:33.258Z] >>> HTTP REQUEST GET https://firebaserules.googleapis.com/v1/projects/cvfydb/releases?pageSize=10&pageToken=  
 
[debug] [2020-03-12T11:29:33.258Z] >>> HTTP REQUEST GET https://firestore.googleapis.com/v1beta2/projects/cvfydb/databases/(default)/collectionGroups/-/indexes  
 
[debug] [2020-03-12T11:29:34.728Z] <<< HTTP RESPONSE 200
[debug] [2020-03-12T11:29:34.729Z] >>> HTTP REQUEST GET https://firestore.googleapis.com/v1beta2/projects/cvfydb/databases/(default)/collectionGroups/-/fields?filter=indexConfig.usesAncestorConfig=false  
 
[debug] [2020-03-12T11:29:34.905Z] <<< HTTP RESPONSE 200
[debug] [2020-03-12T11:29:34.912Z] >>> HTTP REQUEST GET https://firebaserules.googleapis.com/v1/projects/cvfydb/rulesets/288bf2ee-6a24-4210-bc73-dce1e4cbb199  
 
[debug] [2020-03-12T11:29:36.061Z] <<< HTTP RESPONSE 200
[info] +  firestore: deployed indexes in firestore.indexes.json successfully
[debug] [2020-03-12T11:29:36.654Z] <<< HTTP RESPONSE 200
[info] i  firestore: latest version of firestore.rules already up to date, skipping upload...
[info] i  hosting[cvfydb]: beginning deploy...
[info] i  hosting[cvfydb]: found 82 files in dist
[debug] [2020-03-12T11:29:37.640Z] [hosting] hash cache [ZGlzdA] stored for 82 files
[debug] [2020-03-12T11:29:37.640Z] [hosting][hash queue][FINAL]
[debug] [2020-03-12T11:29:37.640Z] >>> HTTP REQUEST POST https://firebasehosting.googleapis.com/v1beta1/sites/cvfydb/versions/0ba46fa24ed1b2ec:populateFiles  
 <request body omitted>
[debug] [2020-03-12T11:29:39.917Z] <<< HTTP RESPONSE 200
[debug] [2020-03-12T11:29:39.959Z] [hosting][populate queue][FINAL]
[debug] [2020-03-12T11:29:39.960Z] [hosting] uploads queued: 15
[debug] [2020-03-12T11:29:43.567Z] [hosting][upload queue][FINAL]
[info] +  hosting[cvfydb]: file upload complete
[debug] [2020-03-12T11:29:43.575Z] [hosting] deploy completed after 6906ms
[debug] [2020-03-12T11:29:44.008Z] [rules] releasing cloud.firestore with ruleset projects/cvfydb/rulesets/288bf2ee-6a24-4210-bc73-dce1e4cbb199
[debug] [2020-03-12T11:29:44.009Z] >>> HTTP REQUEST PATCH https://firebaserules.googleapis.com/v1/projects/cvfydb/releases/cloud.firestore  

[debug] [2020-03-12T11:29:45.662Z] <<< HTTP RESPONSE 200
[debug] [2020-03-12T11:29:45.662Z] [rules] updated release projects/cvfydb/releases/cloud.firestore
[info] +  firestore: released rules firestore.rules to cloud.firestore
[debug] [2020-03-12T11:29:45.666Z] [
  {
    "config": {
      "public": "dist",
      "ignore": [
        "firebase.json",
        "**/.*",
        "**/node_modules/**"
      ],
      "rewrites": [
        {
          "source": "**",
          "destination": "/index.html"
        }
      ],
      "site": "cvfydb"
    },
    "site": "cvfydb",
    "version": "sites/cvfydb/versions/0ba46fa24ed1b2ec"
  }
]
[info] i  hosting[cvfydb]: finalizing version...
[debug] [2020-03-12T11:29:45.669Z] >>> HTTP REQUEST PATCH https://firebasehosting.googleapis.com/v1beta1/sites/cvfydb/versions/0ba46fa24ed1b2ec?updateMask=status  

[debug] [2020-03-12T11:29:47.797Z] <<< HTTP RESPONSE 200
[debug] [2020-03-12T11:29:47.800Z] [hosting] finalized version for cvfydb:
[info] +  hosting[cvfydb]: version finalized
[info] i  hosting[cvfydb]: releasing new version...
[debug] [2020-03-12T11:29:47.813Z] >>> HTTP REQUEST POST https://firebasehosting.googleapis.com/v1beta1/sites/cvfydb/releases?version_name=sites/cvfydb/versions/0ba46fa24ed1b2ec  

